2022-11-03 00:00:02 - __main__     - Tweet 20 of 107 posted: Ah, what I would not give for Karen Gillan to look me in the eye and say 'Cara mia'.
2022-11-03 01:00:03 - __main__     - Tweet 16 of 107 posted: Where's a thunderstorm when you need one?
2022-11-03 02:00:02 - __main__     - Tweet 74 of 107 posted: Could you imagine if Uncle Fester went to an anime convention? They'd say One Punch Man let himself go.
2022-11-03 11:00:02 - __main__     - Tweet 72 of 107 posted: I've got the music from Sailor Moon stuck in my head. Not gonna lie, though, I like it.
2022-11-03 12:00:02 - __main__     - Tweet 32 of 107 posted: Be afraid. Be very afraid.
2022-11-03 13:11:25 - __main__     - Tweet 68 of 107 posted: I just saw Emma Stone's portrayal of Cruella and all I can say is that I want to be in her arms.
2022-11-03 13:11:37 - __main__     - Tweet 93 of 107 posted: It's quite a pain in the ass when there's short deadline in which to do something and I have to rewrite the entirety of something in the space of a day.
2022-11-03 13:14:02 - __main__     - Tweet 49 of 107 posted: I wonder whose idea was it to call bras 'over the shoulder boulder holders'.
2022-11-03 13:24:03 - __main__     - Tweet 26 of 107 posted: On Wednesdays, we wear black.
2022-11-03 14:06:43 - __main__     - Tweet 76 of 107 posted: I want a lie in.
2022-11-03 14:07:56 - __main__     - Tweet 8 of 107 posted: I've got street food stuck on my mind right now. I think my brain's telling me to have some memelas.
2022-11-03 15:00:02 - __main__     - Tweet 55 of 107 posted: Man, those two at Camp Chippewa were the Gary, Indiana of people.
2022-11-03 16:00:03 - __main__     - Tweet 30 of 107 posted: I'll stop wearing black when they make a darker color.
2022-11-03 17:00:02 - __main__     - Tweet 70 of 111 posted: I sometimes wish I was in the Townsend Agency. Someone should make fanfiction of that, come to think of it. The Addams Family x 2019 Charlie's Angels would be an interesting combination
2022-11-03 18:00:02 - __main__     - Tweet 105 of 111 posted: Been playing a lot of GTA V recently. I like the chaos.
2022-11-03 19:00:02 - __main__     - Tweet 58 of 111 posted: I can almost hear people watching the Addams Family films everywhere. So this is what the Droste effect is. Interesting.
2022-11-03 20:00:02 - __main__     - Tweet 43 of 112 posted: Okay, I admit it. I like Billie Eilish.
2022-11-03 21:00:03 - __main__     - Tweet 78 of 112 posted: A friend of mine told me I should cosplay as Sailor Saturn. I'll give it some thought. She's my favourite sailor scout, after all.
2022-11-03 22:00:02 - __main__     - Tweet 57 of 112 posted: I want nothing more than to just chill on some days. Today seems to be one of them.
2022-11-03 22:49:03 - __main__     - Conditional Tweet 4 of 5 posted: October. The best month of all.
2022-11-03 23:00:02 - __main__     - Conditional Tweet 5 of 5 posted: Thank goth it's Wednesday. The best day of the week, though I may be a bit biased on that one.
